2023/08/05 11:33:08 - mmengine - INFO - 
------------------------------------------------------------
System environment:
    sys.platform: linux
    Python: 3.9.13 | packaged by conda-forge | (main, May 27 2022, 16:56:21) [GCC 10.3.0]
    CUDA available: True
    numpy_random_seed: 272653045
    GPU 0: NVIDIA Tesla T4
    CUDA_HOME: None
    GCC: gcc (Debian 10.2.1-6) 10.2.1 20210110
    PyTorch: 1.10.1
    PyTorch compiling details: PyTorch built with:
  - GCC 7.3
  - C++ Version: 201402
  - Intel(R) oneAPI Math Kernel Library Version 2022.1-Product Build 20220311 for Intel(R) 64 architecture applications
  - Intel(R) MKL-DNN v2.2.3 (Git Hash 7336ca9f055cf1bfa13efb658fe15dc9b41f0740)
  - OpenMP 201511 (a.k.a. OpenMP 4.5)
  - LAPACK is enabled (usually provided by MKL)
  - NNPACK is enabled
  - CPU capability usage: AVX512
  - CUDA Runtime 11.1
  - NVCC architecture flags: -gencode;arch=compute_37,code=sm_37;-gencode;arch=compute_50,code=sm_50;-gencode;arch=compute_60,code=sm_60;-gencode;arch=compute_61,code=sm_61;-gencode;arch=compute_70,code=sm_70;-gencode;arch=compute_75,code=sm_75;-gencode;arch=compute_80,code=sm_80;-gencode;arch=compute_86,code=sm_86;-gencode;arch=compute_37,code=compute_37
  - CuDNN 8.0.5
  - Magma 2.5.2
  - Build settings: BLAS_INFO=mkl, BUILD_TYPE=Release, CUDA_VERSION=11.1, CUDNN_VERSION=8.0.5, CXX_COMPILER=/opt/rh/devtoolset-7/root/usr/bin/c++, CXX_FLAGS= -Wno-deprecated -fvisibility-inlines-hidden -DUSE_PTHREADPOOL -fopenmp -DNDEBUG -DUSE_KINETO -DUSE_FBGEMM -DUSE_QNNPACK -DUSE_PYTORCH_QNNPACK -DUSE_XNNPACK -DSYMBOLICATE_MOBILE_DEBUG_HANDLE -DEDGE_PROFILER_USE_KINETO -O2 -fPIC -Wno-narrowing -Wall -Wextra -Werror=return-type -Wno-missing-field-initializers -Wno-type-limits -Wno-array-bounds -Wno-unknown-pragmas -Wno-sign-compare -Wno-unused-parameter -Wno-unused-variable -Wno-unused-function -Wno-unused-result -Wno-unused-local-typedefs -Wno-strict-overflow -Wno-strict-aliasing -Wno-error=deprecated-declarations -Wno-stringop-overflow -Wno-psabi -Wno-error=pedantic -Wno-error=redundant-decls -Wno-error=old-style-cast -fdiagnostics-color=always -faligned-new -Wno-unused-but-set-variable -Wno-maybe-uninitialized -fno-math-errno -fno-trapping-math -Werror=format -Wno-stringop-overflow, LAPACK_INFO=mkl, PERF_WITH_AVX=1, PERF_WITH_AVX2=1, PERF_WITH_AVX512=1, TORCH_VERSION=1.10.1, USE_CUDA=ON, USE_CUDNN=ON, USE_EXCEPTION_PTR=1, USE_GFLAGS=OFF, USE_GLOG=OFF, USE_MKL=ON, USE_MKLDNN=ON, USE_MPI=OFF, USE_NCCL=ON, USE_NNPACK=ON, USE_OPENMP=ON, 

    TorchVision: 0.11.2
    OpenCV: 4.8.0
    MMEngine: 0.8.4

Runtime environment:
    cudnn_benchmark: True
    mp_cfg: {'mp_start_method': 'fork', 'opencv_num_threads': 0}
    dist_cfg: {'backend': 'nccl'}
    seed: 272653045
    Distributed launcher: none
    Distributed training: False
    GPU number: 1
------------------------------------------------------------

2023/08/05 11:33:09 - mmengine - INFO - Config:
_file_client_args = dict(backend='disk')
_multiscale_resize_transforms = [
    dict(
        transforms=[
            dict(scale=(
                640,
                640,
            ), type='YOLOv5KeepRatioResize'),
            dict(
                allow_scale_up=False,
                pad_val=dict(img=114),
                scale=(
                    640,
                    640,
                ),
                type='LetterResize'),
        ],
        type='Compose'),
    dict(
        transforms=[
            dict(scale=(
                320,
                320,
            ), type='YOLOv5KeepRatioResize'),
            dict(
                allow_scale_up=False,
                pad_val=dict(img=114),
                scale=(
                    320,
                    320,
                ),
                type='LetterResize'),
        ],
        type='Compose'),
    dict(
        transforms=[
            dict(scale=(
                960,
                960,
            ), type='YOLOv5KeepRatioResize'),
            dict(
                allow_scale_up=False,
                pad_val=dict(img=114),
                scale=(
                    960,
                    960,
                ),
                type='LetterResize'),
        ],
        type='Compose'),
]
affine_scale = 0.5
albu_train_transforms = [
    dict(p=0.01, type='Blur'),
    dict(p=0.01, type='MedianBlur'),
    dict(p=0.01, type='ToGray'),
    dict(p=0.01, type='CLAHE'),
]
anchors = [
    [
        (
            68,
            69,
        ),
        (
            154,
            91,
        ),
        (
            143,
            162,
        ),
    ],
    [
        (
            242,
            160,
        ),
        (
            189,
            287,
        ),
        (
            391,
            207,
        ),
    ],
    [
        (
            353,
            337,
        ),
        (
            539,
            341,
        ),
        (
            443,
            432,
        ),
    ],
]
base_lr = 0.01
batch_shapes_cfg = dict(
    batch_size=1,
    extra_pad_ratio=0.5,
    img_size=640,
    size_divisor=32,
    type='BatchShapePolicy')
class_name = ('car', )
custom_hooks = [
    dict(
        ema_type='ExpMomentumEMA',
        momentum=0.0001,
        priority=49,
        strict_load=False,
        type='EMAHook',
        update_buffers=True),
]
data_root = '/home/openinnolab/work/current/mmyolo/data/image/dataset/'
dataset_type = 'YOLOv5CocoDataset'
deepen_factor = 0.33
default_hooks = dict(
    checkpoint=dict(
        interval=10, max_keep_ckpts=2, save_best='auto',
        type='CheckpointHook'),
    logger=dict(interval=5, type='LoggerHook'),
    param_scheduler=dict(
        lr_factor=0.01,
        max_epochs=40,
        scheduler_type='linear',
        type='YOLOv5ParamSchedulerHook',
        warmup_mim_iter=10),
    sampler_seed=dict(type='DistSamplerSeedHook'),
    timer=dict(type='IterTimerHook'),
    visualization=dict(type='mmdet.DetVisualizationHook'))
default_scope = 'mmyolo'
env_cfg = dict(
    cudnn_benchmark=True,
    dist_cfg=dict(backend='nccl'),
    mp_cfg=dict(mp_start_method='fork', opencv_num_threads=0))
file_client_args = dict(backend='disk')
img_scale = (
    640,
    640,
)
img_scales = [
    (
        640,
        640,
    ),
    (
        320,
        320,
    ),
    (
        960,
        960,
    ),
]
launcher = 'none'
load_from = '/home/openinnolab/work/current/yolov5_s-v61_syncbn_fast_8xb16-300e_coco_20220918_084700-86e02187.pth'
log_level = 'INFO'
log_processor = dict(by_epoch=True, type='LogProcessor', window_size=50)
loss_bbox_weight = 0.05
loss_cls_weight = 0.5
loss_obj_weight = 1.0
lr_factor = 0.01
max_epochs = 40
max_keep_ckpts = 3
metainfo = dict(
    classes=('car', ), palette=[
        (
            20,
            220,
            60,
        ),
    ])
model = dict(
    backbone=dict(
        act_cfg=dict(inplace=True, type='SiLU'),
        deepen_factor=0.33,
        frozen_stages=4,
        norm_cfg=dict(eps=0.001, momentum=0.03, type='BN'),
        type='YOLOv5CSPDarknet',
        widen_factor=0.5),
    bbox_head=dict(
        head_module=dict(
            featmap_strides=[
                8,
                16,
                32,
            ],
            in_channels=[
                256,
                512,
                1024,
            ],
            num_base_priors=3,
            num_classes=1,
            type='YOLOv5HeadModule',
            widen_factor=0.5),
        loss_bbox=dict(
            bbox_format='xywh',
            eps=1e-07,
            iou_mode='ciou',
            loss_weight=0.05,
            reduction='mean',
            return_iou=True,
            type='IoULoss'),
        loss_cls=dict(
            loss_weight=0.5,
            reduction='mean',
            type='mmdet.CrossEntropyLoss',
            use_sigmoid=True),
        loss_obj=dict(
            loss_weight=1.0,
            reduction='mean',
            type='mmdet.CrossEntropyLoss',
            use_sigmoid=True),
        obj_level_weights=[
            4.0,
            1.0,
            0.4,
        ],
        prior_generator=dict(
            base_sizes=[
                [
                    (
                        68,
                        69,
                    ),
                    (
                        154,
                        91,
                    ),
                    (
                        143,
                        162,
                    ),
                ],
                [
                    (
                        242,
                        160,
                    ),
                    (
                        189,
                        287,
                    ),
                    (
                        391,
                        207,
                    ),
                ],
                [
                    (
                        353,
                        337,
                    ),
                    (
                        539,
                        341,
                    ),
                    (
                        443,
                        432,
                    ),
                ],
            ],
            strides=[
                8,
                16,
                32,
            ],
            type='mmdet.YOLOAnchorGenerator'),
        prior_match_thr=4.0,
        type='YOLOv5Head'),
    data_preprocessor=dict(
        bgr_to_rgb=True,
        mean=[
            0.0,
            0.0,
            0.0,
        ],
        std=[
            255.0,
            255.0,
            255.0,
        ],
        type='YOLOv5DetDataPreprocessor'),
    neck=dict(
        act_cfg=dict(inplace=True, type='SiLU'),
        deepen_factor=0.33,
        in_channels=[
            256,
            512,
            1024,
        ],
        norm_cfg=dict(eps=0.001, momentum=0.03, type='BN'),
        num_csp_blocks=3,
        out_channels=[
            256,
            512,
            1024,
        ],
        type='YOLOv5PAFPN',
        widen_factor=0.5),
    test_cfg=dict(
        max_per_img=300,
        multi_label=True,
        nms=dict(iou_threshold=0.65, type='nms'),
        nms_pre=30000,
        score_thr=0.001),
    type='YOLODetector')
model_test_cfg = dict(
    max_per_img=300,
    multi_label=True,
    nms=dict(iou_threshold=0.65, type='nms'),
    nms_pre=30000,
    score_thr=0.001)
norm_cfg = dict(eps=0.001, momentum=0.03, type='BN')
num_classes = 1
num_det_layers = 3
obj_level_weights = [
    4.0,
    1.0,
    0.4,
]
optim_wrapper = dict(
    constructor='YOLOv5OptimizerConstructor',
    optimizer=dict(
        batch_size_per_gpu=12,
        lr=0.01,
        momentum=0.937,
        nesterov=True,
        type='SGD',
        weight_decay=0.0005),
    type='OptimWrapper')
param_scheduler = None
persistent_workers = True
pre_transform = [
    dict(file_client_args=dict(backend='disk'), type='LoadImageFromFile'),
    dict(type='LoadAnnotations', with_bbox=True),
]
prior_match_thr = 4.0
resume = False
save_checkpoint_intervals = 10
strides = [
    8,
    16,
    32,
]
test_cfg = dict(type='TestLoop')
test_dataloader = dict(
    batch_size=1,
    dataset=dict(
        ann_file='annotations/test.json',
        batch_shapes_cfg=dict(
            batch_size=1,
            extra_pad_ratio=0.5,
            img_size=640,
            size_divisor=32,
            type='BatchShapePolicy'),
        data_prefix=dict(img='images/'),
        data_root='/home/openinnolab/work/current/mmyolo/data/image/dataset/',
        metainfo=dict(classes=('car', ), palette=[
            (
                20,
                220,
                60,
            ),
        ]),
        pipeline=[
            dict(
                file_client_args=dict(backend='disk'),
                type='LoadImageFromFile'),
            dict(scale=(
                640,
                640,
            ), type='YOLOv5KeepRatioResize'),
            dict(
                allow_scale_up=False,
                pad_val=dict(img=114),
                scale=(
                    640,
                    640,
                ),
                type='LetterResize'),
            dict(_scope_='mmdet', type='LoadAnnotations', with_bbox=True),
            dict(
                meta_keys=(
                    'img_id',
                    'img_path',
                    'ori_shape',
                    'img_shape',
                    'scale_factor',
                    'pad_param',
                ),
                type='mmdet.PackDetInputs'),
        ],
        test_mode=True,
        type='YOLOv5CocoDataset'),
    drop_last=False,
    num_workers=2,
    persistent_workers=True,
    pin_memory=True,
    sampler=dict(shuffle=False, type='DefaultSampler'))
test_evaluator = dict(
    ann_file=
    '/home/openinnolab/work/current/mmyolo/data/image/dataset/annotations/test.json',
    metric='bbox',
    proposal_nums=(
        100,
        1,
        10,
    ),
    type='mmdet.CocoMetric')
test_pipeline = [
    dict(file_client_args=dict(backend='disk'), type='LoadImageFromFile'),
    dict(scale=(
        640,
        640,
    ), type='YOLOv5KeepRatioResize'),
    dict(
        allow_scale_up=False,
        pad_val=dict(img=114),
        scale=(
            640,
            640,
        ),
        type='LetterResize'),
    dict(_scope_='mmdet', type='LoadAnnotations', with_bbox=True),
    dict(
        meta_keys=(
            'img_id',
            'img_path',
            'ori_shape',
            'img_shape',
            'scale_factor',
            'pad_param',
        ),
        type='mmdet.PackDetInputs'),
]
train_ann_file = 'annotations/instances_train2017.json'
train_batch_size_per_gpu = 12
train_cfg = dict(max_epochs=40, type='EpochBasedTrainLoop', val_interval=10)
train_data_prefix = 'train2017/'
train_dataloader = dict(
    batch_size=12,
    collate_fn=dict(type='yolov5_collate'),
    dataset=dict(
        ann_file='annotations/trainval.json',
        data_prefix=dict(img='images/'),
        data_root='/home/openinnolab/work/current/mmyolo/data/image/dataset/',
        filter_cfg=dict(filter_empty_gt=False, min_size=32),
        metainfo=dict(classes=('car', ), palette=[
            (
                20,
                220,
                60,
            ),
        ]),
        pipeline=[
            dict(
                file_client_args=dict(backend='disk'),
                type='LoadImageFromFile'),
            dict(type='LoadAnnotations', with_bbox=True),
            dict(
                img_scale=(
                    640,
                    640,
                ),
                pad_val=114.0,
                pre_transform=[
                    dict(
                        file_client_args=dict(backend='disk'),
                        type='LoadImageFromFile'),
                    dict(type='LoadAnnotations', with_bbox=True),
                ],
                type='Mosaic'),
            dict(
                border=(
                    -320,
                    -320,
                ),
                border_val=(
                    114,
                    114,
                    114,
                ),
                max_rotate_degree=0.0,
                max_shear_degree=0.0,
                scaling_ratio_range=(
                    0.5,
                    1.5,
                ),
                type='YOLOv5RandomAffine'),
            dict(
                bbox_params=dict(
                    format='pascal_voc',
                    label_fields=[
                        'gt_bboxes_labels',
                        'gt_ignore_flags',
                    ],
                    type='BboxParams'),
                keymap=dict(gt_bboxes='bboxes', img='image'),
                transforms=[
                    dict(p=0.01, type='Blur'),
                    dict(p=0.01, type='MedianBlur'),
                    dict(p=0.01, type='ToGray'),
                    dict(p=0.01, type='CLAHE'),
                ],
                type='mmdet.Albu'),
            dict(type='YOLOv5HSVRandomAug'),
            dict(prob=0.5, type='mmdet.RandomFlip'),
            dict(
                meta_keys=(
                    'img_id',
                    'img_path',
                    'ori_shape',
                    'img_shape',
                    'flip',
                    'flip_direction',
                ),
                type='mmdet.PackDetInputs'),
        ],
        type='YOLOv5CocoDataset'),
    num_workers=4,
    persistent_workers=True,
    pin_memory=True,
    sampler=dict(shuffle=True, type='DefaultSampler'))
train_num_workers = 4
train_pipeline = [
    dict(file_client_args=dict(backend='disk'), type='LoadImageFromFile'),
    dict(type='LoadAnnotations', with_bbox=True),
    dict(
        img_scale=(
            640,
            640,
        ),
        pad_val=114.0,
        pre_transform=[
            dict(
                file_client_args=dict(backend='disk'),
                type='LoadImageFromFile'),
            dict(type='LoadAnnotations', with_bbox=True),
        ],
        type='Mosaic'),
    dict(
        border=(
            -320,
            -320,
        ),
        border_val=(
            114,
            114,
            114,
        ),
        max_rotate_degree=0.0,
        max_shear_degree=0.0,
        scaling_ratio_range=(
            0.5,
            1.5,
        ),
        type='YOLOv5RandomAffine'),
    dict(
        bbox_params=dict(
            format='pascal_voc',
            label_fields=[
                'gt_bboxes_labels',
                'gt_ignore_flags',
            ],
            type='BboxParams'),
        keymap=dict(gt_bboxes='bboxes', img='image'),
        transforms=[
            dict(p=0.01, type='Blur'),
            dict(p=0.01, type='MedianBlur'),
            dict(p=0.01, type='ToGray'),
            dict(p=0.01, type='CLAHE'),
        ],
        type='mmdet.Albu'),
    dict(type='YOLOv5HSVRandomAug'),
    dict(prob=0.5, type='mmdet.RandomFlip'),
    dict(
        meta_keys=(
            'img_id',
            'img_path',
            'ori_shape',
            'img_shape',
            'flip',
            'flip_direction',
        ),
        type='mmdet.PackDetInputs'),
]
tta_model = dict(
    tta_cfg=dict(max_per_img=300, nms=dict(iou_threshold=0.65, type='nms')),
    type='mmdet.DetTTAModel')
tta_pipeline = [
    dict(file_client_args=dict(backend='disk'), type='LoadImageFromFile'),
    dict(
        transforms=[
            [
                dict(
                    transforms=[
                        dict(scale=(
                            640,
                            640,
                        ), type='YOLOv5KeepRatioResize'),
                        dict(
                            allow_scale_up=False,
                            pad_val=dict(img=114),
                            scale=(
                                640,
                                640,
                            ),
                            type='LetterResize'),
                    ],
                    type='Compose'),
                dict(
                    transforms=[
                        dict(scale=(
                            320,
                            320,
                        ), type='YOLOv5KeepRatioResize'),
                        dict(
                            allow_scale_up=False,
                            pad_val=dict(img=114),
                            scale=(
                                320,
                                320,
                            ),
                            type='LetterResize'),
                    ],
                    type='Compose'),
                dict(
                    transforms=[
                        dict(scale=(
                            960,
                            960,
                        ), type='YOLOv5KeepRatioResize'),
                        dict(
                            allow_scale_up=False,
                            pad_val=dict(img=114),
                            scale=(
                                960,
                                960,
                            ),
                            type='LetterResize'),
                    ],
                    type='Compose'),
            ],
            [
                dict(prob=1.0, type='mmdet.RandomFlip'),
                dict(prob=0.0, type='mmdet.RandomFlip'),
            ],
            [
                dict(type='mmdet.LoadAnnotations', with_bbox=True),
            ],
            [
                dict(
                    meta_keys=(
                        'img_id',
                        'img_path',
                        'ori_shape',
                        'img_shape',
                        'scale_factor',
                        'pad_param',
                        'flip',
                        'flip_direction',
                    ),
                    type='mmdet.PackDetInputs'),
            ],
        ],
        type='TestTimeAug'),
]
val_ann_file = 'annotations/instances_val2017.json'
val_batch_size_per_gpu = 1
val_cfg = dict(type='ValLoop')
val_data_prefix = 'val2017/'
val_dataloader = dict(
    batch_size=1,
    dataset=dict(
        ann_file='annotations/test.json',
        batch_shapes_cfg=dict(
            batch_size=1,
            extra_pad_ratio=0.5,
            img_size=640,
            size_divisor=32,
            type='BatchShapePolicy'),
        data_prefix=dict(img='images/'),
        data_root='/home/openinnolab/work/current/mmyolo/data/image/dataset/',
        metainfo=dict(classes=('car', ), palette=[
            (
                20,
                220,
                60,
            ),
        ]),
        pipeline=[
            dict(
                file_client_args=dict(backend='disk'),
                type='LoadImageFromFile'),
            dict(scale=(
                640,
                640,
            ), type='YOLOv5KeepRatioResize'),
            dict(
                allow_scale_up=False,
                pad_val=dict(img=114),
                scale=(
                    640,
                    640,
                ),
                type='LetterResize'),
            dict(_scope_='mmdet', type='LoadAnnotations', with_bbox=True),
            dict(
                meta_keys=(
                    'img_id',
                    'img_path',
                    'ori_shape',
                    'img_shape',
                    'scale_factor',
                    'pad_param',
                ),
                type='mmdet.PackDetInputs'),
        ],
        test_mode=True,
        type='YOLOv5CocoDataset'),
    drop_last=False,
    num_workers=2,
    persistent_workers=True,
    pin_memory=True,
    sampler=dict(shuffle=False, type='DefaultSampler'))
val_evaluator = dict(
    ann_file=
    '/home/openinnolab/work/current/mmyolo/data/image/dataset/annotations/test.json',
    metric='bbox',
    proposal_nums=(
        100,
        1,
        10,
    ),
    type='mmdet.CocoMetric')
val_num_workers = 2
vis_backends = [
    dict(type='LocalVisBackend'),
]
visualizer = dict(
    name='visualizer',
    type='mmdet.DetLocalVisualizer',
    vis_backends=[
        dict(type='LocalVisBackend'),
    ])
weight_decay = 0.0005
widen_factor = 0.5
work_dir = './work_dirs/yolov5_s-v61_fast_1xb12-40e_image'

2023/08/05 11:33:14 - mmengine - INFO - Distributed training is not used, all SyncBatchNorm (SyncBN) layers in the model will be automatically reverted to BatchNormXd layers if they are used.
2023/08/05 11:33:14 - mmengine - INFO - Hooks will be executed in the following order:
before_run:
(VERY_HIGH   ) RuntimeInfoHook                    
(49          ) EMAHook                            
(BELOW_NORMAL) LoggerHook                         
 -------------------- 
after_load_checkpoint:
(49          ) EMAHook                            
 -------------------- 
before_train:
(9           ) YOLOv5ParamSchedulerHook           
(VERY_HIGH   ) RuntimeInfoHook                    
(49          ) EMAHook                            
(NORMAL      ) IterTimerHook                      
(VERY_LOW    ) CheckpointHook                     
 -------------------- 
before_train_epoch:
(VERY_HIGH   ) RuntimeInfoHook                    
(NORMAL      ) IterTimerHook                      
(NORMAL      ) DistSamplerSeedHook                
 -------------------- 
before_train_iter:
(9           ) YOLOv5ParamSchedulerHook           
(VERY_HIGH   ) RuntimeInfoHook                    
(NORMAL      ) IterTimerHook                      
 -------------------- 
after_train_iter:
(9           ) YOLOv5ParamSchedulerHook           
(VERY_HIGH   ) RuntimeInfoHook                    
(49          ) EMAHook                            
(NORMAL      ) IterTimerHook                      
(BELOW_NORMAL) LoggerHook                         
(VERY_LOW    ) CheckpointHook                     
 -------------------- 
after_train_epoch:
(9           ) YOLOv5ParamSchedulerHook           
(NORMAL      ) IterTimerHook                      
(VERY_LOW    ) CheckpointHook                     
 -------------------- 
before_val:
(VERY_HIGH   ) RuntimeInfoHook                    
 -------------------- 
before_val_epoch:
(49          ) EMAHook                            
(NORMAL      ) IterTimerHook                      
 -------------------- 
before_val_iter:
(NORMAL      ) IterTimerHook                      
 -------------------- 
after_val_iter:
(NORMAL      ) IterTimerHook                      
(NORMAL      ) DetVisualizationHook               
(BELOW_NORMAL) LoggerHook                         
 -------------------- 
after_val_epoch:
(9           ) YOLOv5ParamSchedulerHook           
(VERY_HIGH   ) RuntimeInfoHook                    
(49          ) EMAHook                            
(NORMAL      ) IterTimerHook                      
(BELOW_NORMAL) LoggerHook                         
(VERY_LOW    ) CheckpointHook                     
 -------------------- 
after_val:
(VERY_HIGH   ) RuntimeInfoHook                    
 -------------------- 
before_save_checkpoint:
(49          ) EMAHook                            
 -------------------- 
after_train:
(VERY_HIGH   ) RuntimeInfoHook                    
(VERY_LOW    ) CheckpointHook                     
 -------------------- 
before_test:
(VERY_HIGH   ) RuntimeInfoHook                    
 -------------------- 
before_test_epoch:
(49          ) EMAHook                            
(NORMAL      ) IterTimerHook                      
 -------------------- 
before_test_iter:
(NORMAL      ) IterTimerHook                      
 -------------------- 
after_test_iter:
(NORMAL      ) IterTimerHook                      
(NORMAL      ) DetVisualizationHook               
(BELOW_NORMAL) LoggerHook                         
 -------------------- 
after_test_epoch:
(VERY_HIGH   ) RuntimeInfoHook                    
(49          ) EMAHook                            
(NORMAL      ) IterTimerHook                      
(BELOW_NORMAL) LoggerHook                         
 -------------------- 
after_test:
(VERY_HIGH   ) RuntimeInfoHook                    
 -------------------- 
after_run:
(BELOW_NORMAL) LoggerHook                         
 -------------------- 
2023/08/05 11:33:15 - mmengine - WARNING - "FileClient" will be deprecated in future. Please use io functions in https://mmengine.readthedocs.io/en/latest/api/fileio.html#file-io
2023/08/05 11:33:15 - mmengine - WARNING - "HardDiskBackend" is the alias of "LocalBackend" and the former will be deprecated in future.
2023/08/05 11:33:15 - mmengine - INFO - Scaled weight_decay to 0.00046875
2023/08/05 11:33:15 - mmengine - INFO - Optimizer groups: 60 .bias, 60 conv.weight, 57 other
Name of parameter - Initialization information

backbone.stem.conv.weight - torch.Size([32, 3, 6, 6]): 
Initialized by user-defined `init_weights` in YOLOv5CSPDarknet  

backbone.stem.bn.weight - torch.Size([32]): 
The value is the same before and after calling `init_weights` of YOLODetector  

backbone.stem.bn.bias - torch.Size([32]): 
The value is the same before and after calling `init_weights` of YOLODetector  

backbone.stage1.0.conv.weight - torch.Size([64, 32, 3, 3]): 
Initialized by user-defined `init_weights` in YOLOv5CSPDarknet  

backbone.stage1.0.bn.weight - torch.Size([64]): 
The value is the same before and after calling `init_weights` of YOLODetector  

backbone.stage1.0.bn.bias - torch.Size([64]): 
The value is the same before and after calling `init_weights` of YOLODetector  

backbone.stage1.1.main_conv.conv.weight - torch.Size([32, 64, 1, 1]): 
Initialized by user-defined `init_weights` in YOLOv5CSPDarknet  

backbone.stage1.1.main_conv.bn.weight - torch.Size([32]): 
The value is the same before and after calling `init_weights` of YOLODetector  

backbone.stage1.1.main_conv.bn.bias - torch.Size([32]): 
The value is the same before and after calling `init_weights` of YOLODetector  

backbone.stage1.1.short_conv.conv.weight - torch.Size([32, 64, 1, 1]): 
Initialized by user-defined `init_weights` in YOLOv5CSPDarknet  

backbone.stage1.1.short_conv.bn.weight - torch.Size([32]): 
The value is the same before and after calling `init_weights` of YOLODetector  

backbone.stage1.1.short_conv.bn.bias - torch.Size([32]): 
The value is the same before and after calling `init_weights` of YOLODetector  

backbone.stage1.1.final_conv.conv.weight - torch.Size([64, 64, 1, 1]): 
Initialized by user-defined `init_weights` in YOLOv5CSPDarknet  

backbone.stage1.1.final_conv.bn.weight - torch.Size([64]): 
The value is the same before and after calling `init_weights` of YOLODetector  

backbone.stage1.1.final_conv.bn.bias - torch.Size([64]): 
The value is the same before and after calling `init_weights` of YOLODetector  

backbone.stage1.1.blocks.0.conv1.conv.weight - torch.Size([32, 32, 1, 1]): 
Initialized by user-defined `init_weights` in YOLOv5CSPDarknet  

backbone.stage1.1.blocks.0.conv1.bn.weight - torch.Size([32]): 
The value is the same before and after calling `init_weights` of YOLODetector  

backbone.stage1.1.blocks.0.conv1.bn.bias - torch.Size([32]): 
The value is the same before and after calling `init_weights` of YOLODetector  

backbone.stage1.1.blocks.0.conv2.conv.weight - torch.Size([32, 32, 3, 3]): 
Initialized by user-defined `init_weights` in YOLOv5CSPDarknet  

backbone.stage1.1.blocks.0.conv2.bn.weight - torch.Size([32]): 
The value is the same before and after calling `init_weights` of YOLODetector  

backbone.stage1.1.blocks.0.conv2.bn.bias - torch.Size([32]): 
The value is the same before and after calling `init_weights` of YOLODetector  

backbone.stage2.0.conv.weight - torch.Size([128, 64, 3, 3]): 
Initialized by user-defined `init_weights` in YOLOv5CSPDarknet  

backbone.stage2.0.bn.weight - torch.Size([128]): 
The value is the same before and after calling `init_weights` of YOLODetector  

backbone.stage2.0.bn.bias - torch.Size([128]): 
The value is the same before and after calling `init_weights` of YOLODetector  

backbone.stage2.1.main_conv.conv.weight - torch.Size([64, 128, 1, 1]): 
Initialized by user-defined `init_weights` in YOLOv5CSPDarknet  

backbone.stage2.1.main_conv.bn.weight - torch.Size([64]): 
The value is the same before and after calling `init_weights` of YOLODetector  

backbone.stage2.1.main_conv.bn.bias - torch.Size([64]): 
The value is the same before and after calling `init_weights` of YOLODetector  

backbone.stage2.1.short_conv.conv.weight - torch.Size([64, 128, 1, 1]): 
Initialized by user-defined `init_weights` in YOLOv5CSPDarknet  

backbone.stage2.1.short_conv.bn.weight - torch.Size([64]): 
The value is the same before and after calling `init_weights` of YOLODetector  

backbone.stage2.1.short_conv.bn.bias - torch.Size([64]): 
The value is the same before and after calling `init_weights` of YOLODetector  

backbone.stage2.1.final_conv.conv.weight - torch.Size([128, 128, 1, 1]): 
Initialized by user-defined `init_weights` in YOLOv5CSPDarknet  

backbone.stage2.1.final_conv.bn.weight - torch.Size([128]): 
The value is the same before and after calling `init_weights` of YOLODetector  

backbone.stage2.1.final_conv.bn.bias - torch.Size([128]): 
The value is the same before and after calling `init_weights` of YOLODetector  

backbone.stage2.1.blocks.0.conv1.conv.weight - torch.Size([64, 64, 1, 1]): 
Initialized by user-defined `init_weights` in YOLOv5CSPDarknet  

backbone.stage2.1.blocks.0.conv1.bn.weight - torch.Size([64]): 
The value is the same before and after calling `init_weights` of YOLODetector  

backbone.stage2.1.blocks.0.conv1.bn.bias - torch.Size([64]): 
The value is the same before and after calling `init_weights` of YOLODetector  

backbone.stage2.1.blocks.0.conv2.conv.weight - torch.Size([64, 64, 3, 3]): 
Initialized by user-defined `init_weights` in YOLOv5CSPDarknet  

backbone.stage2.1.blocks.0.conv2.bn.weight - torch.Size([64]): 
The value is the same before and after calling `init_weights` of YOLODetector  

backbone.stage2.1.blocks.0.conv2.bn.bias - torch.Size([64]): 
The value is the same before and after calling `init_weights` of YOLODetector  

backbone.stage2.1.blocks.1.conv1.conv.weight - torch.Size([64, 64, 1, 1]): 
Initialized by user-defined `init_weights` in YOLOv5CSPDarknet  

backbone.stage2.1.blocks.1.conv1.bn.weight - torch.Size([64]): 
The value is the same before and after calling `init_weights` of YOLODetector  

backbone.stage2.1.blocks.1.conv1.bn.bias - torch.Size([64]): 
The value is the same before and after calling `init_weights` of YOLODetector  

backbone.stage2.1.blocks.1.conv2.conv.weight - torch.Size([64, 64, 3, 3]): 
Initialized by user-defined `init_weights` in YOLOv5CSPDarknet  

backbone.stage2.1.blocks.1.conv2.bn.weight - torch.Size([64]): 
The value is the same before and after calling `init_weights` of YOLODetector  

backbone.stage2.1.blocks.1.conv2.bn.bias - torch.Size([64]): 
The value is the same before and after calling `init_weights` of YOLODetector  

backbone.stage3.0.conv.weight - torch.Size([256, 128, 3, 3]): 
Initialized by user-defined `init_weights` in YOLOv5CSPDarknet  

backbone.stage3.0.bn.weight - torch.Size([256]): 
The value is the same before and after calling `init_weights` of YOLODetector  

backbone.stage3.0.bn.bias - torch.Size([256]): 
The value is the same before and after calling `init_weights` of YOLODetector  

backbone.stage3.1.main_conv.conv.weight - torch.Size([128, 256, 1, 1]): 
Initialized by user-defined `init_weights` in YOLOv5CSPDarknet  

backbone.stage3.1.main_conv.bn.weight - torch.Size([128]): 
The value is the same before and after calling `init_weights` of YOLODetector  

backbone.stage3.1.main_conv.bn.bias - torch.Size([128]): 
The value is the same before and after calling `init_weights` of YOLODetector  

backbone.stage3.1.short_conv.conv.weight - torch.Size([128, 256, 1, 1]): 
Initialized by user-defined `init_weights` in YOLOv5CSPDarknet  

backbone.stage3.1.short_conv.bn.weight - torch.Size([128]): 
The value is the same before and after calling `init_weights` of YOLODetector  

backbone.stage3.1.short_conv.bn.bias - torch.Size([128]): 
The value is the same before and after calling `init_weights` of YOLODetector  

backbone.stage3.1.final_conv.conv.weight - torch.Size([256, 256, 1, 1]): 
Initialized by user-defined `init_weights` in YOLOv5CSPDarknet  

backbone.stage3.1.final_conv.bn.weight - torch.Size([256]): 
The value is the same before and after calling `init_weights` of YOLODetector  

backbone.stage3.1.final_conv.bn.bias - torch.Size([256]): 
The value is the same before and after calling `init_weights` of YOLODetector  

backbone.stage3.1.blocks.0.conv1.conv.weight - torch.Size([128, 128, 1, 1]): 
Initialized by user-defined `init_weights` in YOLOv5CSPDarknet  

backbone.stage3.1.blocks.0.conv1.bn.weight - torch.Size([128]): 
The value is the same before and after calling `init_weights` of YOLODetector  

backbone.stage3.1.blocks.0.conv1.bn.bias - torch.Size([128]): 
The value is the same before and after calling `init_weights` of YOLODetector  

backbone.stage3.1.blocks.0.conv2.conv.weight - torch.Size([128, 128, 3, 3]): 
Initialized by user-defined `init_weights` in YOLOv5CSPDarknet  

backbone.stage3.1.blocks.0.conv2.bn.weight - torch.Size([128]): 
The value is the same before and after calling `init_weights` of YOLODetector  

backbone.stage3.1.blocks.0.conv2.bn.bias - torch.Size([128]): 
The value is the same before and after calling `init_weights` of YOLODetector  

backbone.stage3.1.blocks.1.conv1.conv.weight - torch.Size([128, 128, 1, 1]): 
Initialized by user-defined `init_weights` in YOLOv5CSPDarknet  

backbone.stage3.1.blocks.1.conv1.bn.weight - torch.Size([128]): 
The value is the same before and after calling `init_weights` of YOLODetector  

backbone.stage3.1.blocks.1.conv1.bn.bias - torch.Size([128]): 
The value is the same before and after calling `init_weights` of YOLODetector  

backbone.stage3.1.blocks.1.conv2.conv.weight - torch.Size([128, 128, 3, 3]): 
Initialized by user-defined `init_weights` in YOLOv5CSPDarknet  

backbone.stage3.1.blocks.1.conv2.bn.weight - torch.Size([128]): 
The value is the same before and after calling `init_weights` of YOLODetector  

backbone.stage3.1.blocks.1.conv2.bn.bias - torch.Size([128]): 
The value is the same before and after calling `init_weights` of YOLODetector  

backbone.stage3.1.blocks.2.conv1.conv.weight - torch.Size([128, 128, 1, 1]): 
Initialized by user-defined `init_weights` in YOLOv5CSPDarknet  

backbone.stage3.1.blocks.2.conv1.bn.weight - torch.Size([128]): 
The value is the same before and after calling `init_weights` of YOLODetector  

backbone.stage3.1.blocks.2.conv1.bn.bias - torch.Size([128]): 
The value is the same before and after calling `init_weights` of YOLODetector  

backbone.stage3.1.blocks.2.conv2.conv.weight - torch.Size([128, 128, 3, 3]): 
Initialized by user-defined `init_weights` in YOLOv5CSPDarknet  

backbone.stage3.1.blocks.2.conv2.bn.weight - torch.Size([128]): 
The value is the same before and after calling `init_weights` of YOLODetector  

backbone.stage3.1.blocks.2.conv2.bn.bias - torch.Size([128]): 
The value is the same before and after calling `init_weights` of YOLODetector  

backbone.stage4.0.conv.weight - torch.Size([512, 256, 3, 3]): 
Initialized by user-defined `init_weights` in YOLOv5CSPDarknet  

backbone.stage4.0.bn.weight - torch.Size([512]): 
The value is the same before and after calling `init_weights` of YOLODetector  

backbone.stage4.0.bn.bias - torch.Size([512]): 
The value is the same before and after calling `init_weights` of YOLODetector  

backbone.stage4.1.main_conv.conv.weight - torch.Size([256, 512, 1, 1]): 
Initialized by user-defined `init_weights` in YOLOv5CSPDarknet  

backbone.stage4.1.main_conv.bn.weight - torch.Size([256]): 
The value is the same before and after calling `init_weights` of YOLODetector  

backbone.stage4.1.main_conv.bn.bias - torch.Size([256]): 
The value is the same before and after calling `init_weights` of YOLODetector  

backbone.stage4.1.short_conv.conv.weight - torch.Size([256, 512, 1, 1]): 
Initialized by user-defined `init_weights` in YOLOv5CSPDarknet  

backbone.stage4.1.short_conv.bn.weight - torch.Size([256]): 
The value is the same before and after calling `init_weights` of YOLODetector  

backbone.stage4.1.short_conv.bn.bias - torch.Size([256]): 
The value is the same before and after calling `init_weights` of YOLODetector  

backbone.stage4.1.final_conv.conv.weight - torch.Size([512, 512, 1, 1]): 
Initialized by user-defined `init_weights` in YOLOv5CSPDarknet  

backbone.stage4.1.final_conv.bn.weight - torch.Size([512]): 
The value is the same before and after calling `init_weights` of YOLODetector  

backbone.stage4.1.final_conv.bn.bias - torch.Size([512]): 
The value is the same before and after calling `init_weights` of YOLODetector  

backbone.stage4.1.blocks.0.conv1.conv.weight - torch.Size([256, 256, 1, 1]): 
Initialized by user-defined `init_weights` in YOLOv5CSPDarknet  

backbone.stage4.1.blocks.0.conv1.bn.weight - torch.Size([256]): 
The value is the same before and after calling `init_weights` of YOLODetector  

backbone.stage4.1.blocks.0.conv1.bn.bias - torch.Size([256]): 
The value is the same before and after calling `init_weights` of YOLODetector  

backbone.stage4.1.blocks.0.conv2.conv.weight - torch.Size([256, 256, 3, 3]): 
Initialized by user-defined `init_weights` in YOLOv5CSPDarknet  

backbone.stage4.1.blocks.0.conv2.bn.weight - torch.Size([256]): 
The value is the same before and after calling `init_weights` of YOLODetector  

backbone.stage4.1.blocks.0.conv2.bn.bias - torch.Size([256]): 
The value is the same before and after calling `init_weights` of YOLODetector  

backbone.stage4.2.conv1.conv.weight - torch.Size([256, 512, 1, 1]): 
Initialized by user-defined `init_weights` in YOLOv5CSPDarknet  

backbone.stage4.2.conv1.bn.weight - torch.Size([256]): 
The value is the same before and after calling `init_weights` of YOLODetector  

backbone.stage4.2.conv1.bn.bias - torch.Size([256]): 
The value is the same before and after calling `init_weights` of YOLODetector  

backbone.stage4.2.conv2.conv.weight - torch.Size([512, 1024, 1, 1]): 
Initialized by user-defined `init_weights` in YOLOv5CSPDarknet  

backbone.stage4.2.conv2.bn.weight - torch.Size([512]): 
The value is the same before and after calling `init_weights` of YOLODetector  

backbone.stage4.2.conv2.bn.bias - torch.Size([512]): 
The value is the same before and after calling `init_weights` of YOLODetector  

neck.reduce_layers.2.conv.weight - torch.Size([256, 512, 1, 1]): 
Initialized by user-defined `init_weights` in YOLOv5PAFPN  

neck.reduce_layers.2.bn.weight - torch.Size([256]): 
The value is the same before and after calling `init_weights` of YOLODetector  

neck.reduce_layers.2.bn.bias - torch.Size([256]): 
The value is the same before and after calling `init_weights` of YOLODetector  

neck.top_down_layers.0.0.main_conv.conv.weight - torch.Size([128, 512, 1, 1]): 
Initialized by user-defined `init_weights` in YOLOv5PAFPN  

neck.top_down_layers.0.0.main_conv.bn.weight - torch.Size([128]): 
The value is the same before and after calling `init_weights` of YOLODetector  

neck.top_down_layers.0.0.main_conv.bn.bias - torch.Size([128]): 
The value is the same before and after calling `init_weights` of YOLODetector  

neck.top_down_layers.0.0.short_conv.conv.weight - torch.Size([128, 512, 1, 1]): 
Initialized by user-defined `init_weights` in YOLOv5PAFPN  

neck.top_down_layers.0.0.short_conv.bn.weight - torch.Size([128]): 
The value is the same before and after calling `init_weights` of YOLODetector  

neck.top_down_layers.0.0.short_conv.bn.bias - torch.Size([128]): 
The value is the same before and after calling `init_weights` of YOLODetector  

neck.top_down_layers.0.0.final_conv.conv.weight - torch.Size([256, 256, 1, 1]): 
Initialized by user-defined `init_weights` in YOLOv5PAFPN  

neck.top_down_layers.0.0.final_conv.bn.weight - torch.Size([256]): 
The value is the same before and after calling `init_weights` of YOLODetector  

neck.top_down_layers.0.0.final_conv.bn.bias - torch.Size([256]): 
The value is the same before and after calling `init_weights` of YOLODetector  

neck.top_down_layers.0.0.blocks.0.conv1.conv.weight - torch.Size([128, 128, 1, 1]): 
Initialized by user-defined `init_weights` in YOLOv5PAFPN  

neck.top_down_layers.0.0.blocks.0.conv1.bn.weight - torch.Size([128]): 
The value is the same before and after calling `init_weights` of YOLODetector  

neck.top_down_layers.0.0.blocks.0.conv1.bn.bias - torch.Size([128]): 
The value is the same before and after calling `init_weights` of YOLODetector  

neck.top_down_layers.0.0.blocks.0.conv2.conv.weight - torch.Size([128, 128, 3, 3]): 
Initialized by user-defined `init_weights` in YOLOv5PAFPN  

neck.top_down_layers.0.0.blocks.0.conv2.bn.weight - torch.Size([128]): 
The value is the same before and after calling `init_weights` of YOLODetector  

neck.top_down_layers.0.0.blocks.0.conv2.bn.bias - torch.Size([128]): 
The value is the same before and after calling `init_weights` of YOLODetector  

neck.top_down_layers.0.1.conv.weight - torch.Size([128, 256, 1, 1]): 
Initialized by user-defined `init_weights` in YOLOv5PAFPN  

neck.top_down_layers.0.1.bn.weight - torch.Size([128]): 
The value is the same before and after calling `init_weights` of YOLODetector  

neck.top_down_layers.0.1.bn.bias - torch.Size([128]): 
The value is the same before and after calling `init_weights` of YOLODetector  

neck.top_down_layers.1.main_conv.conv.weight - torch.Size([64, 256, 1, 1]): 
Initialized by user-defined `init_weights` in YOLOv5PAFPN  

neck.top_down_layers.1.main_conv.bn.weight - torch.Size([64]): 
The value is the same before and after calling `init_weights` of YOLODetector  

neck.top_down_layers.1.main_conv.bn.bias - torch.Size([64]): 
The value is the same before and after calling `init_weights` of YOLODetector  

neck.top_down_layers.1.short_conv.conv.weight - torch.Size([64, 256, 1, 1]): 
Initialized by user-defined `init_weights` in YOLOv5PAFPN  

neck.top_down_layers.1.short_conv.bn.weight - torch.Size([64]): 
The value is the same before and after calling `init_weights` of YOLODetector  

neck.top_down_layers.1.short_conv.bn.bias - torch.Size([64]): 
The value is the same before and after calling `init_weights` of YOLODetector  

neck.top_down_layers.1.final_conv.conv.weight - torch.Size([128, 128, 1, 1]): 
Initialized by user-defined `init_weights` in YOLOv5PAFPN  

neck.top_down_layers.1.final_conv.bn.weight - torch.Size([128]): 
The value is the same before and after calling `init_weights` of YOLODetector  

neck.top_down_layers.1.final_conv.bn.bias - torch.Size([128]): 
The value is the same before and after calling `init_weights` of YOLODetector  

neck.top_down_layers.1.blocks.0.conv1.conv.weight - torch.Size([64, 64, 1, 1]): 
Initialized by user-defined `init_weights` in YOLOv5PAFPN  

neck.top_down_layers.1.blocks.0.conv1.bn.weight - torch.Size([64]): 
The value is the same before and after calling `init_weights` of YOLODetector  

neck.top_down_layers.1.blocks.0.conv1.bn.bias - torch.Size([64]): 
The value is the same before and after calling `init_weights` of YOLODetector  

neck.top_down_layers.1.blocks.0.conv2.conv.weight - torch.Size([64, 64, 3, 3]): 
Initialized by user-defined `init_weights` in YOLOv5PAFPN  

neck.top_down_layers.1.blocks.0.conv2.bn.weight - torch.Size([64]): 
The value is the same before and after calling `init_weights` of YOLODetector  

neck.top_down_layers.1.blocks.0.conv2.bn.bias - torch.Size([64]): 
The value is the same before and after calling `init_weights` of YOLODetector  

neck.downsample_layers.0.conv.weight - torch.Size([128, 128, 3, 3]): 
Initialized by user-defined `init_weights` in YOLOv5PAFPN  

neck.downsample_layers.0.bn.weight - torch.Size([128]): 
The value is the same before and after calling `init_weights` of YOLODetector  

neck.downsample_layers.0.bn.bias - torch.Size([128]): 
The value is the same before and after calling `init_weights` of YOLODetector  

neck.downsample_layers.1.conv.weight - torch.Size([256, 256, 3, 3]): 
Initialized by user-defined `init_weights` in YOLOv5PAFPN  

neck.downsample_layers.1.bn.weight - torch.Size([256]): 
The value is the same before and after calling `init_weights` of YOLODetector  

neck.downsample_layers.1.bn.bias - torch.Size([256]): 
The value is the same before and after calling `init_weights` of YOLODetector  

neck.bottom_up_layers.0.main_conv.conv.weight - torch.Size([128, 256, 1, 1]): 
Initialized by user-defined `init_weights` in YOLOv5PAFPN  

neck.bottom_up_layers.0.main_conv.bn.weight - torch.Size([128]): 
The value is the same before and after calling `init_weights` of YOLODetector  

neck.bottom_up_layers.0.main_conv.bn.bias - torch.Size([128]): 
The value is the same before and after calling `init_weights` of YOLODetector  

neck.bottom_up_layers.0.short_conv.conv.weight - torch.Size([128, 256, 1, 1]): 
Initialized by user-defined `init_weights` in YOLOv5PAFPN  

neck.bottom_up_layers.0.short_conv.bn.weight - torch.Size([128]): 
The value is the same before and after calling `init_weights` of YOLODetector  

neck.bottom_up_layers.0.short_conv.bn.bias - torch.Size([128]): 
The value is the same before and after calling `init_weights` of YOLODetector  

neck.bottom_up_layers.0.final_conv.conv.weight - torch.Size([256, 256, 1, 1]): 
Initialized by user-defined `init_weights` in YOLOv5PAFPN  

neck.bottom_up_layers.0.final_conv.bn.weight - torch.Size([256]): 
The value is the same before and after calling `init_weights` of YOLODetector  

neck.bottom_up_layers.0.final_conv.bn.bias - torch.Size([256]): 
The value is the same before and after calling `init_weights` of YOLODetector  

neck.bottom_up_layers.0.blocks.0.conv1.conv.weight - torch.Size([128, 128, 1, 1]): 
Initialized by user-defined `init_weights` in YOLOv5PAFPN  

neck.bottom_up_layers.0.blocks.0.conv1.bn.weight - torch.Size([128]): 
The value is the same before and after calling `init_weights` of YOLODetector  

neck.bottom_up_layers.0.blocks.0.conv1.bn.bias - torch.Size([128]): 
The value is the same before and after calling `init_weights` of YOLODetector  

neck.bottom_up_layers.0.blocks.0.conv2.conv.weight - torch.Size([128, 128, 3, 3]): 
Initialized by user-defined `init_weights` in YOLOv5PAFPN  

neck.bottom_up_layers.0.blocks.0.conv2.bn.weight - torch.Size([128]): 
The value is the same before and after calling `init_weights` of YOLODetector  

neck.bottom_up_layers.0.blocks.0.conv2.bn.bias - torch.Size([128]): 
The value is the same before and after calling `init_weights` of YOLODetector  

neck.bottom_up_layers.1.main_conv.conv.weight - torch.Size([256, 512, 1, 1]): 
Initialized by user-defined `init_weights` in YOLOv5PAFPN  

neck.bottom_up_layers.1.main_conv.bn.weight - torch.Size([256]): 
The value is the same before and after calling `init_weights` of YOLODetector  

neck.bottom_up_layers.1.main_conv.bn.bias - torch.Size([256]): 
The value is the same before and after calling `init_weights` of YOLODetector  

neck.bottom_up_layers.1.short_conv.conv.weight - torch.Size([256, 512, 1, 1]): 
Initialized by user-defined `init_weights` in YOLOv5PAFPN  

neck.bottom_up_layers.1.short_conv.bn.weight - torch.Size([256]): 
The value is the same before and after calling `init_weights` of YOLODetector  

neck.bottom_up_layers.1.short_conv.bn.bias - torch.Size([256]): 
The value is the same before and after calling `init_weights` of YOLODetector  

neck.bottom_up_layers.1.final_conv.conv.weight - torch.Size([512, 512, 1, 1]): 
Initialized by user-defined `init_weights` in YOLOv5PAFPN  

neck.bottom_up_layers.1.final_conv.bn.weight - torch.Size([512]): 
The value is the same before and after calling `init_weights` of YOLODetector  

neck.bottom_up_layers.1.final_conv.bn.bias - torch.Size([512]): 
The value is the same before and after calling `init_weights` of YOLODetector  

neck.bottom_up_layers.1.blocks.0.conv1.conv.weight - torch.Size([256, 256, 1, 1]): 
Initialized by user-defined `init_weights` in YOLOv5PAFPN  

neck.bottom_up_layers.1.blocks.0.conv1.bn.weight - torch.Size([256]): 
The value is the same before and after calling `init_weights` of YOLODetector  

neck.bottom_up_layers.1.blocks.0.conv1.bn.bias - torch.Size([256]): 
The value is the same before and after calling `init_weights` of YOLODetector  

neck.bottom_up_layers.1.blocks.0.conv2.conv.weight - torch.Size([256, 256, 3, 3]): 
Initialized by user-defined `init_weights` in YOLOv5PAFPN  

neck.bottom_up_layers.1.blocks.0.conv2.bn.weight - torch.Size([256]): 
The value is the same before and after calling `init_weights` of YOLODetector  

neck.bottom_up_layers.1.blocks.0.conv2.bn.bias - torch.Size([256]): 
The value is the same before and after calling `init_weights` of YOLODetector  

bbox_head.head_module.convs_pred.0.weight - torch.Size([18, 128, 1, 1]): 
The value is the same before and after calling `init_weights` of YOLODetector  

bbox_head.head_module.convs_pred.0.bias - torch.Size([18]): 
Initialized by user-defined `init_weights` in YOLOv5HeadModule  

bbox_head.head_module.convs_pred.1.weight - torch.Size([18, 256, 1, 1]): 
The value is the same before and after calling `init_weights` of YOLODetector  

bbox_head.head_module.convs_pred.1.bias - torch.Size([18]): 
Initialized by user-defined `init_weights` in YOLOv5HeadModule  

bbox_head.head_module.convs_pred.2.weight - torch.Size([18, 512, 1, 1]): 
The value is the same before and after calling `init_weights` of YOLODetector  

bbox_head.head_module.convs_pred.2.bias - torch.Size([18]): 
Initialized by user-defined `init_weights` in YOLOv5HeadModule  
2023/08/05 11:33:16 - mmengine - INFO - Load checkpoint from /home/openinnolab/work/current/yolov5_s-v61_syncbn_fast_8xb16-300e_coco_20220918_084700-86e02187.pth
2023/08/05 11:33:16 - mmengine - INFO - Checkpoints will be saved to /home/openinnolab/work/current/work_dirs/yolov5_s-v61_fast_1xb12-40e_image.
2023/08/05 11:33:35 - mmengine - INFO - Epoch(train)  [1][ 5/44]  base_lr: 1.0000e-02 lr: 3.0303e-04  eta: 1:51:56  time: 3.8269  data_time: 1.9679  memory: 2565  loss: 1.5294  loss_cls: 0.0000  loss_obj: 0.2898  loss_bbox: 1.2396
2023/08/05 11:33:43 - mmengine - INFO - Epoch(train)  [1][10/44]  base_lr: 1.0000e-02 lr: 6.8182e-04  eta: 1:19:25  time: 2.7233  data_time: 1.6059  memory: 1219  loss: 1.4782  loss_cls: 0.0000  loss_obj: 0.2778  loss_bbox: 1.2004
2023/08/05 11:33:51 - mmengine - INFO - Epoch(train)  [1][15/44]  base_lr: 1.0000e-02 lr: 1.0606e-03  eta: 1:08:07  time: 2.3423  data_time: 1.4780  memory: 1219  loss: 1.4010  loss_cls: 0.0000  loss_obj: 0.2609  loss_bbox: 1.1401
2023/08/05 11:33:59 - mmengine - INFO - Epoch(train)  [1][20/44]  base_lr: 1.0000e-02 lr: 1.4394e-03  eta: 1:02:07  time: 2.1424  data_time: 1.4095  memory: 1219  loss: 1.3657  loss_cls: 0.0000  loss_obj: 0.2507  loss_bbox: 1.1150
2023/08/05 11:34:13 - mmengine - INFO - Epoch(train)  [1][25/44]  base_lr: 1.0000e-02 lr: 1.8182e-03  eta: 1:05:37  time: 2.2693  data_time: 1.6158  memory: 1219  loss: 1.3831  loss_cls: 0.0000  loss_obj: 0.2374  loss_bbox: 1.1457
2023/08/05 11:34:22 - mmengine - INFO - Epoch(train)  [1][30/44]  base_lr: 1.0000e-02 lr: 2.1970e-03  eta: 1:03:04  time: 2.1877  data_time: 1.5847  memory: 1219  loss: 1.3473  loss_cls: 0.0000  loss_obj: 0.2240  loss_bbox: 1.1233
